<?xml version="1.0" encoding="UTF-8"?>
<!-- Generated by org.testng.reporters.JUnitXMLReporter -->
<testsuite ignored="0" hostname="TYSS" failures="0" tests="2" name="Test" time="4.042" errors="0" timestamp="2023-04-19T12:32:26 IST">
  <testcase classname="generalUtils.BaseClass" name="@BeforeClass launchBrowser" time="2.921">
    <failure type="org.openqa.selenium.SessionNotCreatedException" message="session not created: This version of ChromeDriver only supports Chrome version 104
Current browser version is 111.0.5563.149 with binary path C:\Program Files\Google\Chrome\Application\chrome.exe
Build info: version: &amp;apos;3.141.59&amp;apos;, revision: &amp;apos;e82be7d358&amp;apos;, time: &amp;apos;2018-11-14T08:17:03&amp;apos;
System info: host: &amp;apos;TYSS&amp;apos;, ip: &amp;apos;10.10.21.1&amp;apos;, os.name: &amp;apos;Windows 10&amp;apos;, os.arch: &amp;apos;amd64&amp;apos;, os.version: &amp;apos;10.0&amp;apos;, java.version: &amp;apos;17.0.1&amp;apos;
Driver info: driver.version: ChromeDriver
remote stacktrace: Backtrace:
	Ordinal0 [0x008778B3+2193587]
	Ordinal0 [0x00810681+1771137]
	Ordinal0 [0x007241A8+803240]
	Ordinal0 [0x00745CC3+941251]
	Ordinal0 [0x007413EF+922607]
	Ordinal0 [0x0073EBC1+912321]
	Ordinal0 [0x007723B0+1123248]
	Ordinal0 [0x0077200A+1122314]
	Ordinal0 [0x0076D5C6+1103302]
	Ordinal0 [0x007477E0+948192]
	Ordinal0 [0x007486E6+952038]
	GetHandleVerifier [0x00B20CB2+2738370]
	GetHandleVerifier [0x00B121B8+2678216]
	GetHandleVerifier [0x009017AA+512954]
	GetHandleVerifier [0x00900856+509030]
	Ordinal0 [0x0081743B+1799227]
	Ordinal0 [0x0081BB68+1817448]
	Ordinal0 [0x0081BC55+1817685]
	Ordinal0 [0x00825230+1856048]
	BaseThreadInitThunk [0x77206359+25]
	RtlGetAppContainerNamedObjectPath [0x77D387A4+228]
	RtlGetAppContainerNamedObjectPath [0x77D38774+180]
">
      <![CDATA[org.openqa.selenium.SessionNotCreatedException: session not created: This version of ChromeDriver only supports Chrome version 104
Current browser version is 111.0.5563.149 with binary path C:\Program Files\Google\Chrome\Application\chrome.exe
Build info: version: '3.141.59', revision: 'e82be7d358', time: '2018-11-14T08:17:03'
System info: host: 'TYSS', ip: '10.10.21.1', os.name: 'Windows 10', os.arch: 'amd64', os.version: '10.0', java.version: '17.0.1'
Driver info: driver.version: ChromeDriver
remote stacktrace: Backtrace:
Ordinal0 [0x008778B3+2193587]
Ordinal0 [0x00810681+1771137]
Ordinal0 [0x007241A8+803240]
Ordinal0 [0x00745CC3+941251]
Ordinal0 [0x007413EF+922607]
Ordinal0 [0x0073EBC1+912321]
Ordinal0 [0x007723B0+1123248]
Ordinal0 [0x0077200A+1122314]
Ordinal0 [0x0076D5C6+1103302]
Ordinal0 [0x007477E0+948192]
Ordinal0 [0x007486E6+952038]
GetHandleVerifier [0x00B20CB2+2738370]
GetHandleVerifier [0x00B121B8+2678216]
GetHandleVerifier [0x009017AA+512954]
GetHandleVerifier [0x00900856+509030]
Ordinal0 [0x0081743B+1799227]
Ordinal0 [0x0081BB68+1817448]
Ordinal0 [0x0081BC55+1817685]
Ordinal0 [0x00825230+1856048]
BaseThreadInitThunk [0x77206359+25]
RtlGetAppContainerNamedObjectPath [0x77D387A4+228]
RtlGetAppContainerNamedObjectPath [0x77D38774+180]

at org.openqa.selenium.remote.W3CHandshakeResponse.lambda$errorHandler$0(W3CHandshakeResponse.java:62)
at org.openqa.selenium.remote.HandshakeResponse.lambda$getResponseFunction$0(HandshakeResponse.java:30)
at org.openqa.selenium.remote.ProtocolHandshake.lambda$createSession$0(ProtocolHandshake.java:126)
at java.base/java.util.stream.ReferencePipeline$3$1.accept(ReferencePipeline.java:197)
at java.base/java.util.Spliterators$ArraySpliterator.tryAdvance(Spliterators.java:1002)
at java.base/java.util.stream.ReferencePipeline.forEachWithCancel(ReferencePipeline.java:129)
at java.base/java.util.stream.AbstractPipeline.copyIntoWithCancel(AbstractPipeline.java:527)
at java.base/java.util.stream.AbstractPipeline.copyInto(AbstractPipeline.java:513)
at java.base/java.util.stream.AbstractPipeline.wrapAndCopyInto(AbstractPipeline.java:499)
at java.base/java.util.stream.FindOps$FindOp.evaluateSequential(FindOps.java:150)
at java.base/java.util.stream.AbstractPipeline.evaluate(AbstractPipeline.java:234)
at java.base/java.util.stream.ReferencePipeline.findFirst(ReferencePipeline.java:647)
at org.openqa.selenium.remote.ProtocolHandshake.createSession(ProtocolHandshake.java:128)
at org.openqa.selenium.remote.ProtocolHandshake.createSession(ProtocolHandshake.java:74)
at org.openqa.selenium.remote.HttpCommandExecutor.execute(HttpCommandExecutor.java:136)
at org.openqa.selenium.remote.service.DriverCommandExecutor.execute(DriverCommandExecutor.java:83)
at org.openqa.selenium.remote.RemoteWebDriver.execute(RemoteWebDriver.java:552)
at org.openqa.selenium.remote.RemoteWebDriver.startSession(RemoteWebDriver.java:213)
at org.openqa.selenium.remote.RemoteWebDriver.<init>(RemoteWebDriver.java:131)
at org.openqa.selenium.chrome.ChromeDriver.<init>(ChromeDriver.java:181)
at org.openqa.selenium.chrome.ChromeDriver.<init>(ChromeDriver.java:168)
at org.openqa.selenium.chrome.ChromeDriver.<init>(ChromeDriver.java:123)
at generalUtils.BaseClass.launchBrowser(BaseClass.java:34)
at java.base/java.util.ArrayList.forEach(ArrayList.java:1511)
... Removed 30 stack frames]]>
    </failure>
  </testcase> <!-- @BeforeClass launchBrowser -->
  <testcase classname="generalUtils.BaseClass" name="@BeforeMethod oppApp" time="-1.681887745578E9">
    <skipped/>
  </testcase> <!-- @BeforeMethod oppApp -->
  <testcase classname="generalUtils.BaseClass" name="@AfterMethod closeApp" time="-1.681887745588E9">
    <skipped/>
  </testcase> <!-- @AfterMethod closeApp -->
  <testcase classname="generalUtils.BaseClass" name="@AfterClass closeBrowser" time="-1.68188774559E9">
    <skipped/>
  </testcase> <!-- @AfterClass closeBrowser -->
  <testcase classname="generalUtils.BaseClass" name="@BeforeClass launchBrowser" time="1.031">
    <failure type="org.openqa.selenium.SessionNotCreatedException" message="session not created: This version of ChromeDriver only supports Chrome version 104
Current browser version is 111.0.5563.149 with binary path C:\Program Files\Google\Chrome\Application\chrome.exe
Build info: version: &amp;apos;3.141.59&amp;apos;, revision: &amp;apos;e82be7d358&amp;apos;, time: &amp;apos;2018-11-14T08:17:03&amp;apos;
System info: host: &amp;apos;TYSS&amp;apos;, ip: &amp;apos;10.10.21.1&amp;apos;, os.name: &amp;apos;Windows 10&amp;apos;, os.arch: &amp;apos;amd64&amp;apos;, os.version: &amp;apos;10.0&amp;apos;, java.version: &amp;apos;17.0.1&amp;apos;
Driver info: driver.version: ChromeDriver
remote stacktrace: Backtrace:
	Ordinal0 [0x008778B3+2193587]
	Ordinal0 [0x00810681+1771137]
	Ordinal0 [0x007241A8+803240]
	Ordinal0 [0x00745CC3+941251]
	Ordinal0 [0x007413EF+922607]
	Ordinal0 [0x0073EBC1+912321]
	Ordinal0 [0x007723B0+1123248]
	Ordinal0 [0x0077200A+1122314]
	Ordinal0 [0x0076D5C6+1103302]
	Ordinal0 [0x007477E0+948192]
	Ordinal0 [0x007486E6+952038]
	GetHandleVerifier [0x00B20CB2+2738370]
	GetHandleVerifier [0x00B121B8+2678216]
	GetHandleVerifier [0x009017AA+512954]
	GetHandleVerifier [0x00900856+509030]
	Ordinal0 [0x0081743B+1799227]
	Ordinal0 [0x0081BB68+1817448]
	Ordinal0 [0x0081BC55+1817685]
	Ordinal0 [0x00825230+1856048]
	BaseThreadInitThunk [0x77206359+25]
	RtlGetAppContainerNamedObjectPath [0x77D387A4+228]
	RtlGetAppContainerNamedObjectPath [0x77D38774+180]
">
      <![CDATA[org.openqa.selenium.SessionNotCreatedException: session not created: This version of ChromeDriver only supports Chrome version 104
Current browser version is 111.0.5563.149 with binary path C:\Program Files\Google\Chrome\Application\chrome.exe
Build info: version: '3.141.59', revision: 'e82be7d358', time: '2018-11-14T08:17:03'
System info: host: 'TYSS', ip: '10.10.21.1', os.name: 'Windows 10', os.arch: 'amd64', os.version: '10.0', java.version: '17.0.1'
Driver info: driver.version: ChromeDriver
remote stacktrace: Backtrace:
Ordinal0 [0x008778B3+2193587]
Ordinal0 [0x00810681+1771137]
Ordinal0 [0x007241A8+803240]
Ordinal0 [0x00745CC3+941251]
Ordinal0 [0x007413EF+922607]
Ordinal0 [0x0073EBC1+912321]
Ordinal0 [0x007723B0+1123248]
Ordinal0 [0x0077200A+1122314]
Ordinal0 [0x0076D5C6+1103302]
Ordinal0 [0x007477E0+948192]
Ordinal0 [0x007486E6+952038]
GetHandleVerifier [0x00B20CB2+2738370]
GetHandleVerifier [0x00B121B8+2678216]
GetHandleVerifier [0x009017AA+512954]
GetHandleVerifier [0x00900856+509030]
Ordinal0 [0x0081743B+1799227]
Ordinal0 [0x0081BB68+1817448]
Ordinal0 [0x0081BC55+1817685]
Ordinal0 [0x00825230+1856048]
BaseThreadInitThunk [0x77206359+25]
RtlGetAppContainerNamedObjectPath [0x77D387A4+228]
RtlGetAppContainerNamedObjectPath [0x77D38774+180]

at org.openqa.selenium.remote.W3CHandshakeResponse.lambda$errorHandler$0(W3CHandshakeResponse.java:62)
at org.openqa.selenium.remote.HandshakeResponse.lambda$getResponseFunction$0(HandshakeResponse.java:30)
at org.openqa.selenium.remote.ProtocolHandshake.lambda$createSession$0(ProtocolHandshake.java:126)
at java.base/java.util.stream.ReferencePipeline$3$1.accept(ReferencePipeline.java:197)
at java.base/java.util.Spliterators$ArraySpliterator.tryAdvance(Spliterators.java:1002)
at java.base/java.util.stream.ReferencePipeline.forEachWithCancel(ReferencePipeline.java:129)
at java.base/java.util.stream.AbstractPipeline.copyIntoWithCancel(AbstractPipeline.java:527)
at java.base/java.util.stream.AbstractPipeline.copyInto(AbstractPipeline.java:513)
at java.base/java.util.stream.AbstractPipeline.wrapAndCopyInto(AbstractPipeline.java:499)
at java.base/java.util.stream.FindOps$FindOp.evaluateSequential(FindOps.java:150)
at java.base/java.util.stream.AbstractPipeline.evaluate(AbstractPipeline.java:234)
at java.base/java.util.stream.ReferencePipeline.findFirst(ReferencePipeline.java:647)
at org.openqa.selenium.remote.ProtocolHandshake.createSession(ProtocolHandshake.java:128)
at org.openqa.selenium.remote.ProtocolHandshake.createSession(ProtocolHandshake.java:74)
at org.openqa.selenium.remote.HttpCommandExecutor.execute(HttpCommandExecutor.java:136)
at org.openqa.selenium.remote.service.DriverCommandExecutor.execute(DriverCommandExecutor.java:83)
at org.openqa.selenium.remote.RemoteWebDriver.execute(RemoteWebDriver.java:552)
at org.openqa.selenium.remote.RemoteWebDriver.startSession(RemoteWebDriver.java:213)
at org.openqa.selenium.remote.RemoteWebDriver.<init>(RemoteWebDriver.java:131)
at org.openqa.selenium.chrome.ChromeDriver.<init>(ChromeDriver.java:181)
at org.openqa.selenium.chrome.ChromeDriver.<init>(ChromeDriver.java:168)
at org.openqa.selenium.chrome.ChromeDriver.<init>(ChromeDriver.java:123)
at generalUtils.BaseClass.launchBrowser(BaseClass.java:34)
at java.base/java.util.ArrayList.forEach(ArrayList.java:1511)
... Removed 30 stack frames]]>
    </failure>
  </testcase> <!-- @BeforeClass launchBrowser -->
  <testcase classname="generalUtils.BaseClass" name="@BeforeMethod oppApp" time="-1.681887746632E9">
    <skipped/>
  </testcase> <!-- @BeforeMethod oppApp -->
  <testcase classname="generalUtils.BaseClass" name="@AfterMethod closeApp" time="-1.681887746642E9">
    <skipped/>
  </testcase> <!-- @AfterMethod closeApp -->
  <testcase classname="generalUtils.BaseClass" name="@AfterClass closeBrowser" time="-1.681887746644E9">
    <skipped/>
  </testcase> <!-- @AfterClass closeBrowser -->
  <testcase classname="medifittest.VerifyAddDetails" name="test" time="0.0">
    <skipped/>
  </testcase> <!-- test -->
  <testcase classname="medifittest.LoginTest" name="test" time="0.0">
    <skipped/>
  </testcase> <!-- test -->
</testsuite> <!-- Test -->
